2025-10-15 21:42:15,187 - app.config - INFO - SQLite 'tasks' table checked/created successfully.
2025-10-15 21:42:15,195 - app.config - INFO - SQLite 'spec_sheet_versions' table checked/created successfully.
2025-10-15 21:42:15,203 - app.config - INFO - SQLite 'interactions' table checked/created successfully.
2025-10-15 21:42:15,216 - app.config - INFO - SQLite 'chat_history' table checked/created successfully.
2025-10-15 21:42:26,912 - app.config - INFO - SQLite 'tasks' table checked/created successfully.
2025-10-15 21:42:26,912 - app.config - INFO - SQLite 'spec_sheet_versions' table checked/created successfully.
2025-10-15 21:42:26,913 - app.config - INFO - SQLite 'interactions' table checked/created successfully.
2025-10-15 21:42:26,913 - app.config - INFO - SQLite 'chat_history' table checked/created successfully.
2025-10-15 21:45:15,218 - app.config - INFO - SQLite 'tasks' table checked/created successfully.
2025-10-15 21:45:15,218 - app.config - INFO - SQLite 'spec_sheet_versions' table checked/created successfully.
2025-10-15 21:45:15,218 - app.config - INFO - SQLite 'interactions' table checked/created successfully.
2025-10-15 21:45:15,219 - app.config - INFO - SQLite 'chat_history' table checked/created successfully.
2025-10-15 21:46:33,025 - app.config - INFO - SQLite 'tasks' table checked/created successfully.
2025-10-15 21:46:33,026 - app.config - INFO - SQLite 'spec_sheet_versions' table checked/created successfully.
2025-10-15 21:46:33,026 - app.config - INFO - SQLite 'interactions' table checked/created successfully.
2025-10-15 21:46:33,026 - app.config - INFO - SQLite 'chat_history' table checked/created successfully.
2025-10-15 21:46:34,619 - app.database.crud - INFO - Retrieved 0 tasks from database
2025-10-15 21:46:34,620 - app.database.crud - INFO - Retrieved 0 tasks from database
2025-10-15 21:46:34,620 - __main__ - INFO - Dashboard loaded with 0 tasks and 0 unique tags
2025-10-15 21:46:38,822 - app.config - INFO - SQLite 'tasks' table checked/created successfully.
2025-10-15 21:46:38,822 - app.config - INFO - SQLite 'spec_sheet_versions' table checked/created successfully.
2025-10-15 21:46:38,823 - app.config - INFO - SQLite 'interactions' table checked/created successfully.
2025-10-15 21:46:38,823 - app.config - INFO - SQLite 'chat_history' table checked/created successfully.
2025-10-15 21:47:24,868 - app.config - INFO - SQLite 'tasks' table checked/created successfully.
2025-10-15 21:47:24,869 - app.config - INFO - SQLite 'spec_sheet_versions' table checked/created successfully.
2025-10-15 21:47:24,869 - app.config - INFO - SQLite 'interactions' table checked/created successfully.
2025-10-15 21:47:24,869 - app.config - INFO - SQLite 'chat_history' table checked/created successfully.
2025-10-15 21:51:37,658 - app.config - INFO - SQLite 'tasks' table checked/created successfully.
2025-10-15 21:51:37,659 - app.config - INFO - SQLite 'spec_sheet_versions' table checked/created successfully.
2025-10-15 21:51:37,659 - app.config - INFO - SQLite 'interactions' table checked/created successfully.
2025-10-15 21:51:37,659 - app.config - INFO - SQLite 'chat_history' table checked/created successfully.
2025-10-15 21:53:22,959 - app.config - INFO - SQLite 'tasks' table checked/created successfully.
2025-10-15 21:53:22,959 - app.config - INFO - SQLite 'spec_sheet_versions' table checked/created successfully.
2025-10-15 21:53:22,960 - app.config - INFO - SQLite 'interactions' table checked/created successfully.
2025-10-15 21:53:22,960 - app.config - INFO - SQLite 'chat_history' table checked/created successfully.
2025-10-15 21:53:23,350 - app.database.crud - INFO - Retrieved 0 tasks from database
2025-10-15 21:53:23,352 - app.database.crud - INFO - Retrieved 0 tasks from database
2025-10-15 21:53:23,352 - __main__ - INFO - Dashboard loaded with 0 tasks and 0 unique tags
2025-10-15 21:53:38,500 - app.config - INFO - SQLite 'tasks' table checked/created successfully.
2025-10-15 21:53:38,506 - app.config - INFO - SQLite 'spec_sheet_versions' table checked/created successfully.
2025-10-15 21:53:38,507 - app.config - INFO - SQLite 'interactions' table checked/created successfully.
2025-10-15 21:53:38,507 - app.config - INFO - SQLite 'chat_history' table checked/created successfully.
2025-10-15 21:53:38,657 - app.database.crud - INFO - Retrieved 0 tasks from database
2025-10-15 21:54:37,372 - app.database.crud - INFO - Retrieved 0 tasks from database
2025-10-15 21:54:37,375 - app.database.crud - INFO - Retrieved 0 tasks from database
2025-10-15 21:54:37,376 - __main__ - INFO - Dashboard loaded with 0 tasks and 0 unique tags
2025-10-15 21:54:40,968 - app.database.crud - INFO - Retrieved 0 tasks from database
2025-10-15 21:54:40,969 - app.database.crud - INFO - Retrieved 0 tasks from database
2025-10-15 21:54:40,969 - __main__ - INFO - Dashboard loaded with 0 tasks and 0 unique tags
2025-10-15 21:54:45,001 - app.database.crud - INFO - Retrieved 0 tasks from database
2025-10-15 22:20:08,642 - app.database.crud - INFO - Retrieved 0 tasks from database
2025-10-15 22:39:47,247 - app.database.crud - INFO - Retrieved 0 tasks from database
2025-10-15 23:19:22,100 - app.config - INFO - SQLite 'tasks' table checked/created successfully.
2025-10-15 23:19:22,101 - app.config - INFO - SQLite 'spec_sheet_versions' table checked/created successfully.
2025-10-15 23:19:22,101 - app.config - INFO - SQLite 'interactions' table checked/created successfully.
2025-10-15 23:19:22,101 - app.config - INFO - SQLite 'chat_history' table checked/created successfully.
2025-10-15 23:26:13,628 - app.database.crud - INFO - Retrieved 0 tasks from database
2025-10-15 23:34:21,086 - app.database.crud - INFO - Retrieved 0 tasks from database
